<?xml version="1.0" encoding="UTF-8"?>
<coverage generated="1670848371826" clover="3.2.0">
  <project timestamp="1670848371826" name="All files">
    <metrics statements="18" coveredstatements="8" conditionals="3" coveredconditionals="0" methods="3" coveredmethods="2" elements="24" coveredelements="10" complexity="0" loc="18" ncloc="18" packages="1" files="1" classes="1"/>
    <file name="StoreLocator.js" path="/Users/I550531/Projects/Learning/PluralSight/PluralSight_TDD-React/store-locator/src/components/StoreLocator.js">
      <metrics statements="18" coveredstatements="8" conditionals="3" coveredconditionals="0" methods="3" coveredmethods="2"/>
      <line num="8" count="1" type="stmt"/>
      <line num="9" count="4" type="stmt"/>
      <line num="10" count="4" type="stmt"/>
      <line num="13" count="4" type="stmt"/>
      <line num="28" count="4" type="stmt"/>
      <line num="29" count="0" type="stmt"/>
      <line num="31" count="0" type="cond" truecount="0" falsecount="3"/>
      <line num="33" count="0" type="stmt"/>
      <line num="34" count="0" type="stmt"/>
      <line num="36" count="0" type="stmt"/>
      <line num="37" count="0" type="stmt"/>
      <line num="39" count="0" type="stmt"/>
      <line num="40" count="0" type="stmt"/>
      <line num="43" count="0" type="stmt"/>
      <line num="44" count="0" type="stmt"/>
      <line num="47" count="4" type="stmt"/>
      <line num="48" count="12" type="stmt"/>
      <line num="59" count="4" type="stmt"/>
    </file>
  </project>
</coverage>
