{"/Users/I550531/Projects/Learning/PluralSight/PluralSight_TDD-React/store-locator/src/components/StoreLocator.js": {"path":"/Users/I550531/Projects/Learning/PluralSight/PluralSight_TDD-React/store-locator/src/components/StoreLocator.js","statementMap":{"0":{"start":{"line":8,"column":21},"end":{"line":68,"column":1}},"1":{"start":{"line":9,"column":24},"end":{"line":9,"column":36}},"2":{"start":{"line":10,"column":34},"end":{"line":10,"column":46}},"3":{"start":{"line":13,"column":16},"end":{"line":26,"column":3}},"4":{"start":{"line":28,"column":20},"end":{"line":45,"column":3}},"5":{"start":{"line":29,"column":24},"end":{"line":29,"column":26}},"6":{"start":{"line":31,"column":4},"end":{"line":41,"column":5}},"7":{"start":{"line":33,"column":8},"end":{"line":33,"column":31}},"8":{"start":{"line":34,"column":8},"end":{"line":34,"column":14}},"9":{"start":{"line":36,"column":8},"end":{"line":36,"column":31}},"10":{"start":{"line":37,"column":8},"end":{"line":37,"column":14}},"11":{"start":{"line":39,"column":8},"end":{"line":39,"column":37}},"12":{"start":{"line":40,"column":8},"end":{"line":40,"column":14}},"13":{"start":{"line":43,"column":4},"end":{"line":43,"column":32}},"14":{"start":{"line":44,"column":4},"end":{"line":44,"column":38}},"15":{"start":{"line":47,"column":23},"end":{"line":49,"column":4}},"16":{"start":{"line":48,"column":4},"end":{"line":48,"column":72}},"17":{"start":{"line":59,"column":2},"end":{"line":67,"column":4}}},"fnMap":{"0":{"name":"(anonymous_0)","decl":{"start":{"line":8,"column":21},"end":{"line":8,"column":22}},"loc":{"start":{"line":8,"column":27},"end":{"line":68,"column":1}},"line":8},"1":{"name":"(anonymous_1)","decl":{"start":{"line":28,"column":20},"end":{"line":28,"column":21}},"loc":{"start":{"line":28,"column":27},"end":{"line":45,"column":3}},"line":28},"2":{"name":"(anonymous_2)","decl":{"start":{"line":47,"column":33},"end":{"line":47,"column":34}},"loc":{"start":{"line":48,"column":4},"end":{"line":48,"column":72}},"line":48}},"branchMap":{"0":{"loc":{"start":{"line":31,"column":4},"end":{"line":41,"column":5}},"type":"switch","locations":[{"start":{"line":32,"column":6},"end":{"line":34,"column":14}},{"start":{"line":35,"column":6},"end":{"line":37,"column":14}},{"start":{"line":38,"column":6},"end":{"line":40,"column":14}}],"line":31}},"s":{"0":1,"1":4,"2":4,"3":4,"4":4,"5":0,"6":0,"7":0,"8":0,"9":0,"10":0,"11":0,"12":0,"13":0,"14":0,"15":4,"16":12,"17":4},"f":{"0":4,"1":0,"2":12},"b":{"0":[0,0,0]},"_coverageSchema":"1a1c01bbd47fc00a2c39e90264f33305004495a9","hash":"850890bbf30b0670ad38aea70d3f5f9f9836c53e"}
}
